<?xml version="1.0" encoding="UTF-8"?>
<testsuite xmlns:xsi="http://www.w3.org/2001/XMLSchema-instance" xsi:noNamespaceSchemaLocation="https://maven.apache.org/surefire/maven-surefire-plugin/xsd/surefire-test-report.xsd" name="org.thebreak.roombooking.payment.service.PaymentServiceImplTest" time="0.02" tests="1" errors="0" skipped="0" failures="0">
  <properties>
    <property name="sun.desktop" value="windows"/>
    <property name="awt.toolkit" value="sun.awt.windows.WToolkit"/>
    <property name="file.encoding.pkg" value="sun.io"/>
    <property name="java.specification.version" value="1.8"/>
    <property name="sun.cpu.isalist" value="amd64"/>
    <property name="sun.jnu.encoding" value="Cp1252"/>
    <property name="java.class.path" value="C:\pk\Courses\microservices\roombooking\roombooking-payment\target\test-classes;C:\pk\Courses\microservices\roombooking\roombooking-payment\target\classes;C:\pk\Courses\microservices\roombooking\roombooking-common\target\roombooking-common-1.0-SNAPSHOT.jar;C:\Users\phy0k\.m2\repository\org\projectlombok\lombok\1.18.20\lombok-1.18.20.jar;C:\Users\phy0k\.m2\repository\org\springframework\data\spring-data-commons\2.4.11\spring-data-commons-2.4.11.jar;C:\Users\phy0k\.m2\repository\org\springframework\spring-beans\5.3.9\spring-beans-5.3.9.jar;C:\Users\phy0k\.m2\repository\org\slf4j\slf4j-api\1.7.30\slf4j-api-1.7.30.jar;C:\Users\phy0k\.m2\repository\org\springframework\boot\spring-boot-starter\2.4.9\spring-boot-starter-2.4.9.jar;C:\Users\phy0k\.m2\repository\org\springframework\boot\spring-boot\2.4.3\spring-boot-2.4.3.jar;C:\Users\phy0k\.m2\repository\org\springframework\spring-context\5.3.9\spring-context-5.3.9.jar;C:\Users\phy0k\.m2\repository\org\springframework\boot\spring-boot-autoconfigure\2.4.3\spring-boot-autoconfigure-2.4.3.jar;C:\Users\phy0k\.m2\repository\org\springframework\boot\spring-boot-starter-logging\2.4.3\spring-boot-starter-logging-2.4.3.jar;C:\Users\phy0k\.m2\repository\ch\qos\logback\logback-classic\1.2.3\logback-classic-1.2.3.jar;C:\Users\phy0k\.m2\repository\ch\qos\logback\logback-core\1.2.3\logback-core-1.2.3.jar;C:\Users\phy0k\.m2\repository\org\apache\logging\log4j\log4j-to-slf4j\2.13.3\log4j-to-slf4j-2.13.3.jar;C:\Users\phy0k\.m2\repository\org\apache\logging\log4j\log4j-api\2.13.3\log4j-api-2.13.3.jar;C:\Users\phy0k\.m2\repository\org\slf4j\jul-to-slf4j\1.7.30\jul-to-slf4j-1.7.30.jar;C:\Users\phy0k\.m2\repository\jakarta\annotation\jakarta.annotation-api\1.3.5\jakarta.annotation-api-1.3.5.jar;C:\Users\phy0k\.m2\repository\org\springframework\spring-core\5.3.9\spring-core-5.3.9.jar;C:\Users\phy0k\.m2\repository\org\springframework\spring-jcl\5.3.9\spring-jcl-5.3.9.jar;C:\Users\phy0k\.m2\repository\org\yaml\snakeyaml\1.27\snakeyaml-1.27.jar;C:\Users\phy0k\.m2\repository\org\springframework\boot\spring-boot-starter-web\2.4.9\spring-boot-starter-web-2.4.9.jar;C:\Users\phy0k\.m2\repository\org\springframework\boot\spring-boot-starter-json\2.4.3\spring-boot-starter-json-2.4.3.jar;C:\Users\phy0k\.m2\repository\com\fasterxml\jackson\core\jackson-databind\2.11.4\jackson-databind-2.11.4.jar;C:\Users\phy0k\.m2\repository\com\fasterxml\jackson\core\jackson-annotations\2.11.4\jackson-annotations-2.11.4.jar;C:\Users\phy0k\.m2\repository\com\fasterxml\jackson\datatype\jackson-datatype-jdk8\2.11.4\jackson-datatype-jdk8-2.11.4.jar;C:\Users\phy0k\.m2\repository\com\fasterxml\jackson\datatype\jackson-datatype-jsr310\2.11.4\jackson-datatype-jsr310-2.11.4.jar;C:\Users\phy0k\.m2\repository\com\fasterxml\jackson\module\jackson-module-parameter-names\2.11.4\jackson-module-parameter-names-2.11.4.jar;C:\Users\phy0k\.m2\repository\org\springframework\boot\spring-boot-starter-tomcat\2.4.3\spring-boot-starter-tomcat-2.4.3.jar;C:\Users\phy0k\.m2\repository\org\apache\tomcat\embed\tomcat-embed-core\9.0.43\tomcat-embed-core-9.0.43.jar;C:\Users\phy0k\.m2\repository\org\glassfish\jakarta.el\3.0.3\jakarta.el-3.0.3.jar;C:\Users\phy0k\.m2\repository\org\apache\tomcat\embed\tomcat-embed-websocket\9.0.43\tomcat-embed-websocket-9.0.43.jar;C:\Users\phy0k\.m2\repository\org\springframework\spring-web\5.3.9\spring-web-5.3.9.jar;C:\Users\phy0k\.m2\repository\org\springframework\spring-webmvc\5.3.9\spring-webmvc-5.3.9.jar;C:\Users\phy0k\.m2\repository\org\springframework\spring-aop\5.3.9\spring-aop-5.3.9.jar;C:\Users\phy0k\.m2\repository\org\springframework\spring-expression\5.3.9\spring-expression-5.3.9.jar;C:\Users\phy0k\.m2\repository\org\springframework\boot\spring-boot-starter-data-mongodb\2.4.9\spring-boot-starter-data-mongodb-2.4.9.jar;C:\Users\phy0k\.m2\repository\org\mongodb\mongodb-driver-sync\4.1.1\mongodb-driver-sync-4.1.1.jar;C:\Users\phy0k\.m2\repository\org\mongodb\bson\4.1.1\bson-4.1.1.jar;C:\Users\phy0k\.m2\repository\org\mongodb\mongodb-driver-core\4.1.1\mongodb-driver-core-4.1.1.jar;C:\Users\phy0k\.m2\repository\org\springframework\data\spring-data-mongodb\3.1.11\spring-data-mongodb-3.1.11.jar;C:\Users\phy0k\.m2\repository\org\springframework\spring-tx\5.3.9\spring-tx-5.3.9.jar;C:\Users\phy0k\.m2\repository\com\braintreepayments\gateway\braintree-java\3.12.0\braintree-java-3.12.0.jar;C:\Users\phy0k\.m2\repository\org\junit\vintage\junit-vintage-engine\5.7.2\junit-vintage-engine-5.7.2.jar;C:\Users\phy0k\.m2\repository\org\apiguardian\apiguardian-api\1.1.0\apiguardian-api-1.1.0.jar;C:\Users\phy0k\.m2\repository\org\junit\platform\junit-platform-engine\1.7.2\junit-platform-engine-1.7.2.jar;C:\Users\phy0k\.m2\repository\org\opentest4j\opentest4j\1.2.0\opentest4j-1.2.0.jar;C:\Users\phy0k\.m2\repository\org\junit\platform\junit-platform-commons\1.7.2\junit-platform-commons-1.7.2.jar;C:\Users\phy0k\.m2\repository\junit\junit\4.13.2\junit-4.13.2.jar;C:\Users\phy0k\.m2\repository\org\hamcrest\hamcrest-core\2.2\hamcrest-core-2.2.jar;C:\Users\phy0k\.m2\repository\org\hamcrest\hamcrest\2.2\hamcrest-2.2.jar;C:\Users\phy0k\.m2\repository\org\osgi\org.osgi.core\4.2.0\org.osgi.core-4.2.0.jar;C:\Users\phy0k\.m2\repository\com\fasterxml\jackson\jr\jackson-jr-objects\2.11.4\jackson-jr-objects-2.11.4.jar;C:\Users\phy0k\.m2\repository\com\fasterxml\jackson\core\jackson-core\2.11.4\jackson-core-2.11.4.jar;C:\Users\phy0k\.m2\repository\org\apache\commons\commons-csv\1.8\commons-csv-1.8.jar;C:\Users\phy0k\.m2\repository\org\springdoc\springdoc-openapi-ui\1.5.9\springdoc-openapi-ui-1.5.9.jar;C:\Users\phy0k\.m2\repository\org\springdoc\springdoc-openapi-webmvc-core\1.5.9\springdoc-openapi-webmvc-core-1.5.9.jar;C:\Users\phy0k\.m2\repository\org\springdoc\springdoc-openapi-common\1.5.9\springdoc-openapi-common-1.5.9.jar;C:\Users\phy0k\.m2\repository\io\swagger\core\v3\swagger-models\2.1.9\swagger-models-2.1.9.jar;C:\Users\phy0k\.m2\repository\io\swagger\core\v3\swagger-annotations\2.1.9\swagger-annotations-2.1.9.jar;C:\Users\phy0k\.m2\repository\io\swagger\core\v3\swagger-integration\2.1.9\swagger-integration-2.1.9.jar;C:\Users\phy0k\.m2\repository\io\swagger\core\v3\swagger-core\2.1.9\swagger-core-2.1.9.jar;C:\Users\phy0k\.m2\repository\jakarta\xml\bind\jakarta.xml.bind-api\2.3.3\jakarta.xml.bind-api-2.3.3.jar;C:\Users\phy0k\.m2\repository\jakarta\activation\jakarta.activation-api\1.2.2\jakarta.activation-api-1.2.2.jar;C:\Users\phy0k\.m2\repository\com\fasterxml\jackson\dataformat\jackson-dataformat-yaml\2.11.4\jackson-dataformat-yaml-2.11.4.jar;C:\Users\phy0k\.m2\repository\jakarta\validation\jakarta.validation-api\2.0.2\jakarta.validation-api-2.0.2.jar;C:\Users\phy0k\.m2\repository\io\github\classgraph\classgraph\4.8.69\classgraph-4.8.69.jar;C:\Users\phy0k\.m2\repository\org\apache\commons\commons-lang3\3.11\commons-lang3-3.11.jar;C:\Users\phy0k\.m2\repository\org\webjars\swagger-ui\3.49.0\swagger-ui-3.49.0.jar;C:\Users\phy0k\.m2\repository\org\webjars\webjars-locator-core\0.46\webjars-locator-core-0.46.jar;C:\Users\phy0k\.m2\repository\org\springframework\boot\spring-boot-starter-actuator\2.4.3\spring-boot-starter-actuator-2.4.3.jar;C:\Users\phy0k\.m2\repository\org\springframework\boot\spring-boot-actuator-autoconfigure\2.4.3\spring-boot-actuator-autoconfigure-2.4.3.jar;C:\Users\phy0k\.m2\repository\org\springframework\boot\spring-boot-actuator\2.4.3\spring-boot-actuator-2.4.3.jar;C:\Users\phy0k\.m2\repository\io\micrometer\micrometer-core\1.6.9\micrometer-core-1.6.9.jar;C:\Users\phy0k\.m2\repository\org\hdrhistogram\HdrHistogram\2.1.12\HdrHistogram-2.1.12.jar;C:\Users\phy0k\.m2\repository\org\latencyutils\LatencyUtils\2.0.3\LatencyUtils-2.0.3.jar;"/>
    <property name="java.vm.vendor" value="Oracle Corporation"/>
    <property name="sun.arch.data.model" value="64"/>
    <property name="user.variant" value=""/>
    <property name="java.vendor.url" value="http://java.oracle.com/"/>
    <property name="user.timezone" value="Australia/Sydney"/>
    <property name="java.vm.specification.version" value="1.8"/>
    <property name="os.name" value="Windows 10"/>
    <property name="user.country" value="SG"/>
    <property name="sun.java.launcher" value="SUN_STANDARD"/>
    <property name="sun.boot.library.path" value="C:\JDK\jdk1.8.0_221\jre\bin"/>
    <property name="sun.java.command" value="C:\Users\phy0k\AppData\Local\Temp\surefire6378431793092586506\surefirebooter6292241254272791789.jar C:\Users\phy0k\AppData\Local\Temp\surefire6378431793092586506 2022-06-30T14-20-50_461-jvmRun1 surefire4214030986981617107tmp surefire_1415323800483468046tmp"/>
    <property name="surefire.test.class.path" value="C:\pk\Courses\microservices\roombooking\roombooking-payment\target\test-classes;C:\pk\Courses\microservices\roombooking\roombooking-payment\target\classes;C:\pk\Courses\microservices\roombooking\roombooking-common\target\roombooking-common-1.0-SNAPSHOT.jar;C:\Users\phy0k\.m2\repository\org\projectlombok\lombok\1.18.20\lombok-1.18.20.jar;C:\Users\phy0k\.m2\repository\org\springframework\data\spring-data-commons\2.4.11\spring-data-commons-2.4.11.jar;C:\Users\phy0k\.m2\repository\org\springframework\spring-beans\5.3.9\spring-beans-5.3.9.jar;C:\Users\phy0k\.m2\repository\org\slf4j\slf4j-api\1.7.30\slf4j-api-1.7.30.jar;C:\Users\phy0k\.m2\repository\org\springframework\boot\spring-boot-starter\2.4.9\spring-boot-starter-2.4.9.jar;C:\Users\phy0k\.m2\repository\org\springframework\boot\spring-boot\2.4.3\spring-boot-2.4.3.jar;C:\Users\phy0k\.m2\repository\org\springframework\spring-context\5.3.9\spring-context-5.3.9.jar;C:\Users\phy0k\.m2\repository\org\springframework\boot\spring-boot-autoconfigure\2.4.3\spring-boot-autoconfigure-2.4.3.jar;C:\Users\phy0k\.m2\repository\org\springframework\boot\spring-boot-starter-logging\2.4.3\spring-boot-starter-logging-2.4.3.jar;C:\Users\phy0k\.m2\repository\ch\qos\logback\logback-classic\1.2.3\logback-classic-1.2.3.jar;C:\Users\phy0k\.m2\repository\ch\qos\logback\logback-core\1.2.3\logback-core-1.2.3.jar;C:\Users\phy0k\.m2\repository\org\apache\logging\log4j\log4j-to-slf4j\2.13.3\log4j-to-slf4j-2.13.3.jar;C:\Users\phy0k\.m2\repository\org\apache\logging\log4j\log4j-api\2.13.3\log4j-api-2.13.3.jar;C:\Users\phy0k\.m2\repository\org\slf4j\jul-to-slf4j\1.7.30\jul-to-slf4j-1.7.30.jar;C:\Users\phy0k\.m2\repository\jakarta\annotation\jakarta.annotation-api\1.3.5\jakarta.annotation-api-1.3.5.jar;C:\Users\phy0k\.m2\repository\org\springframework\spring-core\5.3.9\spring-core-5.3.9.jar;C:\Users\phy0k\.m2\repository\org\springframework\spring-jcl\5.3.9\spring-jcl-5.3.9.jar;C:\Users\phy0k\.m2\repository\org\yaml\snakeyaml\1.27\snakeyaml-1.27.jar;C:\Users\phy0k\.m2\repository\org\springframework\boot\spring-boot-starter-web\2.4.9\spring-boot-starter-web-2.4.9.jar;C:\Users\phy0k\.m2\repository\org\springframework\boot\spring-boot-starter-json\2.4.3\spring-boot-starter-json-2.4.3.jar;C:\Users\phy0k\.m2\repository\com\fasterxml\jackson\core\jackson-databind\2.11.4\jackson-databind-2.11.4.jar;C:\Users\phy0k\.m2\repository\com\fasterxml\jackson\core\jackson-annotations\2.11.4\jackson-annotations-2.11.4.jar;C:\Users\phy0k\.m2\repository\com\fasterxml\jackson\datatype\jackson-datatype-jdk8\2.11.4\jackson-datatype-jdk8-2.11.4.jar;C:\Users\phy0k\.m2\repository\com\fasterxml\jackson\datatype\jackson-datatype-jsr310\2.11.4\jackson-datatype-jsr310-2.11.4.jar;C:\Users\phy0k\.m2\repository\com\fasterxml\jackson\module\jackson-module-parameter-names\2.11.4\jackson-module-parameter-names-2.11.4.jar;C:\Users\phy0k\.m2\repository\org\springframework\boot\spring-boot-starter-tomcat\2.4.3\spring-boot-starter-tomcat-2.4.3.jar;C:\Users\phy0k\.m2\repository\org\apache\tomcat\embed\tomcat-embed-core\9.0.43\tomcat-embed-core-9.0.43.jar;C:\Users\phy0k\.m2\repository\org\glassfish\jakarta.el\3.0.3\jakarta.el-3.0.3.jar;C:\Users\phy0k\.m2\repository\org\apache\tomcat\embed\tomcat-embed-websocket\9.0.43\tomcat-embed-websocket-9.0.43.jar;C:\Users\phy0k\.m2\repository\org\springframework\spring-web\5.3.9\spring-web-5.3.9.jar;C:\Users\phy0k\.m2\repository\org\springframework\spring-webmvc\5.3.9\spring-webmvc-5.3.9.jar;C:\Users\phy0k\.m2\repository\org\springframework\spring-aop\5.3.9\spring-aop-5.3.9.jar;C:\Users\phy0k\.m2\repository\org\springframework\spring-expression\5.3.9\spring-expression-5.3.9.jar;C:\Users\phy0k\.m2\repository\org\springframework\boot\spring-boot-starter-data-mongodb\2.4.9\spring-boot-starter-data-mongodb-2.4.9.jar;C:\Users\phy0k\.m2\repository\org\mongodb\mongodb-driver-sync\4.1.1\mongodb-driver-sync-4.1.1.jar;C:\Users\phy0k\.m2\repository\org\mongodb\bson\4.1.1\bson-4.1.1.jar;C:\Users\phy0k\.m2\repository\org\mongodb\mongodb-driver-core\4.1.1\mongodb-driver-core-4.1.1.jar;C:\Users\phy0k\.m2\repository\org\springframework\data\spring-data-mongodb\3.1.11\spring-data-mongodb-3.1.11.jar;C:\Users\phy0k\.m2\repository\org\springframework\spring-tx\5.3.9\spring-tx-5.3.9.jar;C:\Users\phy0k\.m2\repository\com\braintreepayments\gateway\braintree-java\3.12.0\braintree-java-3.12.0.jar;C:\Users\phy0k\.m2\repository\org\junit\vintage\junit-vintage-engine\5.7.2\junit-vintage-engine-5.7.2.jar;C:\Users\phy0k\.m2\repository\org\apiguardian\apiguardian-api\1.1.0\apiguardian-api-1.1.0.jar;C:\Users\phy0k\.m2\repository\org\junit\platform\junit-platform-engine\1.7.2\junit-platform-engine-1.7.2.jar;C:\Users\phy0k\.m2\repository\org\opentest4j\opentest4j\1.2.0\opentest4j-1.2.0.jar;C:\Users\phy0k\.m2\repository\org\junit\platform\junit-platform-commons\1.7.2\junit-platform-commons-1.7.2.jar;C:\Users\phy0k\.m2\repository\junit\junit\4.13.2\junit-4.13.2.jar;C:\Users\phy0k\.m2\repository\org\hamcrest\hamcrest-core\2.2\hamcrest-core-2.2.jar;C:\Users\phy0k\.m2\repository\org\hamcrest\hamcrest\2.2\hamcrest-2.2.jar;C:\Users\phy0k\.m2\repository\org\osgi\org.osgi.core\4.2.0\org.osgi.core-4.2.0.jar;C:\Users\phy0k\.m2\repository\com\fasterxml\jackson\jr\jackson-jr-objects\2.11.4\jackson-jr-objects-2.11.4.jar;C:\Users\phy0k\.m2\repository\com\fasterxml\jackson\core\jackson-core\2.11.4\jackson-core-2.11.4.jar;C:\Users\phy0k\.m2\repository\org\apache\commons\commons-csv\1.8\commons-csv-1.8.jar;C:\Users\phy0k\.m2\repository\org\springdoc\springdoc-openapi-ui\1.5.9\springdoc-openapi-ui-1.5.9.jar;C:\Users\phy0k\.m2\repository\org\springdoc\springdoc-openapi-webmvc-core\1.5.9\springdoc-openapi-webmvc-core-1.5.9.jar;C:\Users\phy0k\.m2\repository\org\springdoc\springdoc-openapi-common\1.5.9\springdoc-openapi-common-1.5.9.jar;C:\Users\phy0k\.m2\repository\io\swagger\core\v3\swagger-models\2.1.9\swagger-models-2.1.9.jar;C:\Users\phy0k\.m2\repository\io\swagger\core\v3\swagger-annotations\2.1.9\swagger-annotations-2.1.9.jar;C:\Users\phy0k\.m2\repository\io\swagger\core\v3\swagger-integration\2.1.9\swagger-integration-2.1.9.jar;C:\Users\phy0k\.m2\repository\io\swagger\core\v3\swagger-core\2.1.9\swagger-core-2.1.9.jar;C:\Users\phy0k\.m2\repository\jakarta\xml\bind\jakarta.xml.bind-api\2.3.3\jakarta.xml.bind-api-2.3.3.jar;C:\Users\phy0k\.m2\repository\jakarta\activation\jakarta.activation-api\1.2.2\jakarta.activation-api-1.2.2.jar;C:\Users\phy0k\.m2\repository\com\fasterxml\jackson\dataformat\jackson-dataformat-yaml\2.11.4\jackson-dataformat-yaml-2.11.4.jar;C:\Users\phy0k\.m2\repository\jakarta\validation\jakarta.validation-api\2.0.2\jakarta.validation-api-2.0.2.jar;C:\Users\phy0k\.m2\repository\io\github\classgraph\classgraph\4.8.69\classgraph-4.8.69.jar;C:\Users\phy0k\.m2\repository\org\apache\commons\commons-lang3\3.11\commons-lang3-3.11.jar;C:\Users\phy0k\.m2\repository\org\webjars\swagger-ui\3.49.0\swagger-ui-3.49.0.jar;C:\Users\phy0k\.m2\repository\org\webjars\webjars-locator-core\0.46\webjars-locator-core-0.46.jar;C:\Users\phy0k\.m2\repository\org\springframework\boot\spring-boot-starter-actuator\2.4.3\spring-boot-starter-actuator-2.4.3.jar;C:\Users\phy0k\.m2\repository\org\springframework\boot\spring-boot-actuator-autoconfigure\2.4.3\spring-boot-actuator-autoconfigure-2.4.3.jar;C:\Users\phy0k\.m2\repository\org\springframework\boot\spring-boot-actuator\2.4.3\spring-boot-actuator-2.4.3.jar;C:\Users\phy0k\.m2\repository\io\micrometer\micrometer-core\1.6.9\micrometer-core-1.6.9.jar;C:\Users\phy0k\.m2\repository\org\hdrhistogram\HdrHistogram\2.1.12\HdrHistogram-2.1.12.jar;C:\Users\phy0k\.m2\repository\org\latencyutils\LatencyUtils\2.0.3\LatencyUtils-2.0.3.jar;"/>
    <property name="sun.cpu.endian" value="little"/>
    <property name="user.home" value="C:\Users\phy0k"/>
    <property name="user.language" value="en"/>
    <property name="java.specification.vendor" value="Oracle Corporation"/>
    <property name="java.home" value="C:\JDK\jdk1.8.0_221\jre"/>
    <property name="basedir" value="C:\pk\Courses\microservices\roombooking\roombooking-payment"/>
    <property name="file.separator" value="\"/>
    <property name="line.separator" value="&#10;"/>
    <property name="java.vm.specification.vendor" value="Oracle Corporation"/>
    <property name="java.specification.name" value="Java Platform API Specification"/>
    <property name="java.awt.graphicsenv" value="sun.awt.Win32GraphicsEnvironment"/>
    <property name="surefire.real.class.path" value="C:\Users\phy0k\AppData\Local\Temp\surefire6378431793092586506\surefirebooter6292241254272791789.jar"/>
    <property name="sun.boot.class.path" value="C:\JDK\jdk1.8.0_221\jre\lib\resources.jar;C:\JDK\jdk1.8.0_221\jre\lib\rt.jar;C:\JDK\jdk1.8.0_221\jre\lib\sunrsasign.jar;C:\JDK\jdk1.8.0_221\jre\lib\jsse.jar;C:\JDK\jdk1.8.0_221\jre\lib\jce.jar;C:\JDK\jdk1.8.0_221\jre\lib\charsets.jar;C:\JDK\jdk1.8.0_221\jre\lib\jfr.jar;C:\JDK\jdk1.8.0_221\jre\classes"/>
    <property name="user.script" value=""/>
    <property name="sun.management.compiler" value="HotSpot 64-Bit Tiered Compilers"/>
    <property name="java.runtime.version" value="1.8.0_221-b11"/>
    <property name="user.name" value="phy0k"/>
    <property name="path.separator" value=";"/>
    <property name="os.version" value="10.0"/>
    <property name="java.endorsed.dirs" value="C:\JDK\jdk1.8.0_221\jre\lib\endorsed"/>
    <property name="java.runtime.name" value="Java(TM) SE Runtime Environment"/>
    <property name="file.encoding" value="Cp1252"/>
    <property name="java.vm.name" value="Java HotSpot(TM) 64-Bit Server VM"/>
    <property name="localRepository" value="C:\Users\phy0k\.m2\repository"/>
    <property name="java.vendor.url.bug" value="http://bugreport.sun.com/bugreport/"/>
    <property name="java.io.tmpdir" value="C:\Users\phy0k\AppData\Local\Temp\"/>
    <property name="java.version" value="1.8.0_221"/>
    <property name="user.dir" value="C:\pk\Courses\microservices\roombooking\roombooking-payment"/>
    <property name="os.arch" value="amd64"/>
    <property name="java.vm.specification.name" value="Java Virtual Machine Specification"/>
    <property name="java.awt.printerjob" value="sun.awt.windows.WPrinterJob"/>
    <property name="sun.os.patch.level" value=""/>
    <property name="java.library.path" value="C:\JDK\jdk1.8.0_221\jre\bin;C:\WINDOWS\Sun\Java\bin;C:\WINDOWS\system32;C:\WINDOWS;C:\Python39\Scripts\;C:\Python39\;C:\Windows\system32;C:\Windows;C:\Windows\System32\Wbem;C:\Windows\System32\WindowsPowerShell\v1.0\;C:\Windows\System32\OpenSSH\;C:\Program Files (x86)\NVIDIA Corporation\PhysX\Common;C:\Program Files\NVIDIA Corporation\NVIDIA NvDLISR;C:\Program Files\Git\cmd;C:\Strawberry\c\bin;C:\Strawberry\perl\site\bin;C:\Strawberry\perl\bin;C:\Program Files (x86)\sbt\bin;C:\WINDOWS\system32;C:\WINDOWS;C:\WINDOWS\System32\Wbem;C:\WINDOWS\System32\WindowsPowerShell\v1.0\;C:\WINDOWS\System32\OpenSSH\;C:\Users\phy0k\AppData\Local\Programs\Python\Python38-32;C:\Users\phy0k\AppData\Local\Programs\Python\Python38-32\Scripts;C:\mongo\mongodb-win32-x86_64-windows-4.4.0\bin;C:\Program Files\dotnet\;C:\Program Files\Microsoft SQL Server\130\Tools\Binn\;C:\Program Files\Microsoft SQL Server\Client SDK\ODBC\170\Tools\Binn\;C:\Program Files (x86)\Microsoft SQL Server\150\Tools\Binn\;C:\Program Files\Microsoft SQL Server\150\Tools;C:\Program Files\Dell\SysMgt\shared\bin;C:\Program Files\nodejs;C:\WINDOWS\system32;C:\WINDOWS;C:\WINDOWS\System32\Wbem;C:\WINDOWS\System32\WindowsPowerShell\v1.0\;C:\WINDOWS\System32\OpenSSH\;C:\HashiCorp\Vagrant\bin;C:\tools\apache-maven-3.6.3\bin;C:\JDK\jdk1.8.0_221\bin;C:\Users\phy0k\AppData\Local\Microsoft\WindowsApps;C:\Users\phy0k\AppData\Local\Programs\Microsoft VS Code\bin;C:\Program Files\heroku\bin;C:\Users\phy0k\AppData\Local\atom\bin;C:\Users\phy0k\.dotnet\tools;C:\Program Files\Azure Data Studio\bin;C:\Users\phy0k\AppData\Local\Microsoft\WindowsApps;C:\Users\phy0k\AppData\Roaming\nvm;C:\Program Files\nodejs;C:\Users\phy0k\AppData\Roaming\npm;C:\Program Files (x86)\nodejs;;."/>
    <property name="java.vm.info" value="mixed mode"/>
    <property name="java.vendor" value="Oracle Corporation"/>
    <property name="java.vm.version" value="25.221-b11"/>
    <property name="java.ext.dirs" value="C:\JDK\jdk1.8.0_221\jre\lib\ext;C:\WINDOWS\Sun\Java\lib\ext"/>
    <property name="sun.io.unicode.encoding" value="UnicodeLittle"/>
    <property name="java.class.version" value="52.0"/>
  </properties>
  <testcase name="testFindTotalAmountByTypeAndDateRange" classname="org.thebreak.roombooking.payment.service.PaymentServiceImplTest" time="0.013"/>
</testsuite>